<?xml version="1.0" encoding="UTF-8"?>
<testsuite name="SjStudy.SpringStudy_1.SpringStudy1ApplicationTests" tests="1" skipped="0" failures="0" errors="0" timestamp="2023-06-05T07:07:06" hostname="DESKTOP-TQ5EV63" time="0.557">
  <properties/>
  <testcase name="contextLoads()" classname="SjStudy.SpringStudy_1.SpringStudy1ApplicationTests" time="0.557"/>
  <system-out><![CDATA[16:07:03.638 [Test worker] DEBUG org.springframework.test.context.BootstrapUtils - Instantiating CacheAwareContextLoaderDelegate from class [org.springframework.test.context.cache.DefaultCacheAwareContextLoaderDelegate]
16:07:03.658 [Test worker] DEBUG org.springframework.test.context.BootstrapUtils - Instantiating BootstrapContext using constructor [public org.springframework.test.context.support.DefaultBootstrapContext(java.lang.Class,org.springframework.test.context.CacheAwareContextLoaderDelegate)]
16:07:03.706 [Test worker] DEBUG org.springframework.test.context.BootstrapUtils - Instantiating TestContextBootstrapper for test class [SjStudy.SpringStudy_1.SpringStudy1ApplicationTests] from class [org.springframework.boot.test.context.SpringBootTestContextBootstrapper]
16:07:03.722 [Test worker] INFO org.springframework.boot.test.context.SpringBootTestContextBootstrapper - Neither @ContextConfiguration nor @ContextHierarchy found for test class [SjStudy.SpringStudy_1.SpringStudy1ApplicationTests], using SpringBootContextLoader
16:07:03.726 [Test worker] DEBUG org.springframework.test.context.support.AbstractContextLoader - Did not detect default resource location for test class [SjStudy.SpringStudy_1.SpringStudy1ApplicationTests]: class path resource [SjStudy/SpringStudy_1/SpringStudy1ApplicationTests-context.xml] does not exist
16:07:03.727 [Test worker] DEBUG org.springframework.test.context.support.AbstractContextLoader - Did not detect default resource location for test class [SjStudy.SpringStudy_1.SpringStudy1ApplicationTests]: class path resource [SjStudy/SpringStudy_1/SpringStudy1ApplicationTestsContext.groovy] does not exist
16:07:03.727 [Test worker] INFO org.springframework.test.context.support.AbstractContextLoader - Could not detect default resource locations for test class [SjStudy.SpringStudy_1.SpringStudy1ApplicationTests]: no resource found for suffixes {-context.xml, Context.groovy}.
16:07:03.728 [Test worker] INFO org.springframework.test.context.support.AnnotationConfigContextLoaderUtils - Could not detect default configuration classes for test class [SjStudy.SpringStudy_1.SpringStudy1ApplicationTests]: SpringStudy1ApplicationTests does not declare any static, non-private, non-final, nested classes annotated with @Configuration.
16:07:03.801 [Test worker] DEBUG org.springframework.test.context.support.ActiveProfilesUtils - Could not find an 'annotation declaring class' for annotation type [org.springframework.test.context.ActiveProfiles] and class [SjStudy.SpringStudy_1.SpringStudy1ApplicationTests]
16:07:03.903 [Test worker] DEBUG org.springframework.context.annotation.ClassPathScanningCandidateComponentProvider - Identified candidate component class: file [D:\SJ\SpringStudy\SpringStudy_1\build\classes\java\main\SjStudy\SpringStudy_1\SpringStudy1Application.class]
16:07:03.906 [Test worker] INFO org.springframework.boot.test.context.SpringBootTestContextBootstrapper - Found @SpringBootConfiguration SjStudy.SpringStudy_1.SpringStudy1Application for test class SjStudy.SpringStudy_1.SpringStudy1ApplicationTests
16:07:04.060 [Test worker] DEBUG org.springframework.boot.test.context.SpringBootTestContextBootstrapper - @TestExecutionListeners is not present for class [SjStudy.SpringStudy_1.SpringStudy1ApplicationTests]: using defaults.
16:07:04.061 [Test worker] INFO org.springframework.boot.test.context.SpringBootTestContextBootstrapper - Loaded default TestExecutionListener class names from location [META-INF/spring.factories]: [org.springframework.boot.test.autoconfigure.restdocs.RestDocsTestExecutionListener, org.springframework.boot.test.autoconfigure.web.client.MockRestServiceServerResetTestExecutionListener, org.springframework.boot.test.autoconfigure.web.servlet.MockMvcPrintOnlyOnFailureTestExecutionListener, org.springframework.boot.test.autoconfigure.web.servlet.WebDriverTestExecutionListener, org.springframework.boot.test.autoconfigure.webservices.client.MockWebServiceServerTestExecutionListener, org.springframework.boot.test.mock.mockito.MockitoTestExecutionListener, org.springframework.boot.test.mock.mockito.ResetMocksTestExecutionListener, org.springframework.test.context.web.ServletTestExecutionListener, org.springframework.test.context.support.DirtiesContextBeforeModesTestExecutionListener, org.springframework.test.context.event.ApplicationEventsTestExecutionListener, org.springframework.test.context.support.DependencyInjectionTestExecutionListener, org.springframework.test.context.support.DirtiesContextTestExecutionListener, org.springframework.test.context.transaction.TransactionalTestExecutionListener, org.springframework.test.context.jdbc.SqlScriptsTestExecutionListener, org.springframework.test.context.event.EventPublishingTestExecutionListener]
16:07:04.089 [Test worker] DEBUG org.springframework.boot.test.context.SpringBootTestContextBootstrapper - Skipping candidate TestExecutionListener [org.springframework.test.context.transaction.TransactionalTestExecutionListener] due to a missing dependency. Specify custom listener classes or make the default listener classes and their required dependencies available. Offending class: [org/springframework/transaction/TransactionDefinition]
16:07:04.091 [Test worker] DEBUG org.springframework.boot.test.context.SpringBootTestContextBootstrapper - Skipping candidate TestExecutionListener [org.springframework.test.context.jdbc.SqlScriptsTestExecutionListener] due to a missing dependency. Specify custom listener classes or make the default listener classes and their required dependencies available. Offending class: [org/springframework/transaction/interceptor/TransactionAttribute]
16:07:04.091 [Test worker] INFO org.springframework.boot.test.context.SpringBootTestContextBootstrapper - Using TestExecutionListeners: [org.springframework.test.context.web.ServletTestExecutionListener@20312893, org.springframework.test.context.support.DirtiesContextBeforeModesTestExecutionListener@70eecdc2, org.springframework.test.context.event.ApplicationEventsTestExecutionListener@c41709a, org.springframework.boot.test.mock.mockito.MockitoTestExecutionListener@7db0565c, org.springframework.boot.test.autoconfigure.SpringBootDependencyInjectionTestExecutionListener@54ec8cc9, org.springframework.test.context.support.DirtiesContextTestExecutionListener@52eacb4b, org.springframework.test.context.event.EventPublishingTestExecutionListener@5528a42c, org.springframework.boot.test.autoconfigure.restdocs.RestDocsTestExecutionListener@2a551a63, org.springframework.boot.test.autoconfigure.web.client.MockRestServiceServerResetTestExecutionListener@1a6f5124, org.springframework.boot.test.autoconfigure.web.servlet.MockMvcPrintOnlyOnFailureTestExecutionListener@1edb61b1, org.springframework.boot.test.autoconfigure.web.servlet.WebDriverTestExecutionListener@ec2bf82, org.springframework.boot.test.autoconfigure.webservices.client.MockWebServiceServerTestExecutionListener@cc62a3b, org.springframework.boot.test.mock.mockito.ResetMocksTestExecutionListener@6cc0bcf6]
16:07:04.107 [Test worker] DEBUG org.springframework.test.context.support.AbstractDirtiesContextTestExecutionListener - Before test class: context [DefaultTestContext@433ffad1 testClass = SpringStudy1ApplicationTests, testInstance = [null], testMethod = [null], testException = [null], mergedContextConfiguration = [WebMergedContextConfiguration@1fc793c2 testClass = SpringStudy1ApplicationTests, locations = '{}', classes = '{class SjStudy.SpringStudy_1.SpringStudy1Application}', contextInitializerClasses = '[]', activeProfiles = '{}', propertySourceLocations = '{}', propertySourceProperties = '{org.springframework.boot.test.context.SpringBootTestContextBootstrapper=true}', contextCustomizers = set[org.springframework.boot.test.autoconfigure.actuate.metrics.MetricsExportContextCustomizerFactory$DisableMetricExportContextCustomizer@4b20ca2b, org.springframework.boot.test.autoconfigure.properties.PropertyMappingContextCustomizer@0, org.springframework.boot.test.autoconfigure.web.servlet.WebDriverContextCustomizerFactory$Customizer@58c34bb3, org.springframework.boot.test.context.filter.ExcludeFilterContextCustomizer@1698fc68, org.springframework.boot.test.json.DuplicateJsonObjectContextCustomizerFactory$DuplicateJsonObjectContextCustomizer@57eda880, org.springframework.boot.test.mock.mockito.MockitoContextCustomizer@0, org.springframework.boot.test.web.client.TestRestTemplateContextCustomizer@cb191ca, org.springframework.boot.test.context.SpringBootTestArgs@1, org.springframework.boot.test.context.SpringBootTestWebEnvironment@1b410b60], resourceBasePath = 'src/main/webapp', contextLoader = 'org.springframework.boot.test.context.SpringBootContextLoader', parent = [null]], attributes = map['org.springframework.test.context.web.ServletTestExecutionListener.activateListener' -> true]], class annotated with @DirtiesContext [false] with mode [null].

  .   ____          _            __ _ _
 /\\ / ___'_ __ _ _(_)_ __  __ _ \ \ \ \
( ( )\___ | '_ | '_| | '_ \/ _` | \ \ \ \
 \\/  ___)| |_)| | | | | || (_| |  ) ) ) )
  '  |____| .__|_| |_|_| |_\__, | / / / /
 =========|_|==============|___/=/_/_/_/
 :: Spring Boot ::               (v2.7.12)

2023-06-05 16:07:04.637  INFO 12656 --- [    Test worker] S.S.SpringStudy1ApplicationTests         : Starting SpringStudy1ApplicationTests using Java 11.0.18 on DESKTOP-TQ5EV63 with PID 12656 (started by kim in D:\SJ\SpringStudy\SpringStudy_1)
2023-06-05 16:07:04.641  INFO 12656 --- [    Test worker] S.S.SpringStudy1ApplicationTests         : No active profile set, falling back to 1 default profile: "default"
2023-06-05 16:07:06.406  INFO 12656 --- [    Test worker] o.s.b.a.w.s.WelcomePageHandlerMapping    : Adding welcome page: class path resource [static/index.html]
2023-06-05 16:07:06.820  INFO 12656 --- [    Test worker] S.S.SpringStudy1ApplicationTests         : Started SpringStudy1ApplicationTests in 2.661 seconds (JVM running for 4.584)
]]></system-out>
  <system-err><![CDATA[]]></system-err>
</testsuite>
