<?xml version="1.0" encoding="UTF-8"?>
<testsuite name="org.example.GradeCalculatorTest" tests="1" skipped="0" failures="0" errors="0" timestamp="2023-06-13T12:39:56" hostname="DESKTOP-TQ5EV63" time="0.078">
  <properties/>
  <testcase name="학점 평균을 계산" classname="org.example.GradeCalculatorTest" time="0.078"/>
  <system-out><![CDATA[]]></system-out>
  <system-err><![CDATA[]]></system-err>
</testsuite>
